<?xml version="1.0" encoding="UTF-8"?>
<!-- Generated by org.testng.reporters.JUnitReportReporter -->
<testsuite name="com.ecom.amazon.login.HomepageTest" tests="1" time="1.136" ignored="0" failures="0" timestamp="08 Jun 2018 15:16:00 GMT" skipped="0" hostname="User-PC" errors="0">
  <testcase name="TestHomepage" time="1.136" classname="com.ecom.amazon.login.HomepageTest"/>
</testsuite> <!-- com.ecom.amazon.login.HomepageTest -->
